[2023-09-23 07:15:47] local.ERROR: Command "migarate" is not defined.

Did you mean one of these?
    migrate
    migrate:fresh
    migrate:install
    migrate:refresh
    migrate:reset
    migrate:rollback
    migrate:status {"exception":"[object] (Symfony\\Component\\Console\\Exception\\CommandNotFoundException(code: 0): Command \"migarate\" is not defined.

Did you mean one of these?
    migrate
    migrate:fresh
    migrate:install
    migrate:refresh
    migrate:reset
    migrate:rollback
    migrate:status at /home/pdbdx/learnning/vue-laravel/example-app/vendor/symfony/console/Application.php:725)
[stacktrace]
#0 /home/pdbdx/learnning/vue-laravel/example-app/vendor/symfony/console/Application.php(262): Symfony\\Component\\Console\\Application->find()
#1 /home/pdbdx/learnning/vue-laravel/example-app/vendor/symfony/console/Application.php(174): Symfony\\Component\\Console\\Application->doRun()
#2 /home/pdbdx/learnning/vue-laravel/example-app/vendor/laravel/framework/src/Illuminate/Foundation/Console/Kernel.php(201): Symfony\\Component\\Console\\Application->run()
#3 /home/pdbdx/learnning/vue-laravel/example-app/artisan(35): Illuminate\\Foundation\\Console\\Kernel->handle()
#4 {main}
"} 
[2023-09-23 07:16:12] local.ERROR: SQLSTATE[HY000] [1049] Unknown database 'laravel' (Connection: mysql, SQL: select * from information_schema.tables where table_schema = laravel and table_name = migrations and table_type = 'BASE TABLE') {"exception":"[object] (Illuminate\\Database\\QueryException(code: 1049): SQLSTATE[HY000] [1049] Unknown database 'laravel' (Connection: mysql, SQL: select * from information_schema.tables where table_schema = laravel and table_name = migrations and table_type = 'BASE TABLE') at /home/pdbdx/learnning/vue-laravel/example-app/vendor/laravel/framework/src/Illuminate/Database/Connection.php:801)
[stacktrace]
#0 /home/pdbdx/learnning/vue-laravel/example-app/vendor/laravel/framework/src/Illuminate/Database/Connection.php(755): Illuminate\\Database\\Connection->runQueryCallback()
#1 /home/pdbdx/learnning/vue-laravel/example-app/vendor/laravel/framework/src/Illuminate/Database/Connection.php(407): Illuminate\\Database\\Connection->run()
#2 /home/pdbdx/learnning/vue-laravel/example-app/vendor/laravel/framework/src/Illuminate/Database/Connection.php(394): Illuminate\\Database\\Connection->select()
#3 /home/pdbdx/learnning/vue-laravel/example-app/vendor/laravel/framework/src/Illuminate/Database/Schema/MySqlBuilder.php(43): Illuminate\\Database\\Connection->selectFromWriteConnection()
#4 /home/pdbdx/learnning/vue-laravel/example-app/vendor/laravel/framework/src/Illuminate/Database/Migrations/DatabaseMigrationRepository.php(184): Illuminate\\Database\\Schema\\MySqlBuilder->hasTable()
#5 /home/pdbdx/learnning/vue-laravel/example-app/vendor/laravel/framework/src/Illuminate/Database/Migrations/Migrator.php(700): Illuminate\\Database\\Migrations\\DatabaseMigrationRepository->repositoryExists()
#6 /home/pdbdx/learnning/vue-laravel/example-app/vendor/laravel/framework/src/Illuminate/Database/Console/Migrations/MigrateCommand.php(140): Illuminate\\Database\\Migrations\\Migrator->repositoryExists()
#7 /home/pdbdx/learnning/vue-laravel/example-app/vendor/laravel/framework/src/Illuminate/Support/helpers.php(248): Illuminate\\Database\\Console\\Migrations\\MigrateCommand->Illuminate\\Database\\Console\\Migrations\\{closure}()
#8 /home/pdbdx/learnning/vue-laravel/example-app/vendor/laravel/framework/src/Illuminate/Database/Console/Migrations/MigrateCommand.php(140): retry()
#9 /home/pdbdx/learnning/vue-laravel/example-app/vendor/laravel/framework/src/Illuminate/Database/Console/Migrations/MigrateCommand.php(116): Illuminate\\Database\\Console\\Migrations\\MigrateCommand->repositoryExists()
#10 /home/pdbdx/learnning/vue-laravel/example-app/vendor/laravel/framework/src/Illuminate/Database/Console/Migrations/MigrateCommand.php(84): Illuminate\\Database\\Console\\Migrations\\MigrateCommand->prepareDatabase()
#11 /home/pdbdx/learnning/vue-laravel/example-app/vendor/laravel/framework/src/Illuminate/Database/Migrations/Migrator.php(633): Illuminate\\Database\\Console\\Migrations\\MigrateCommand->Illuminate\\Database\\Console\\Migrations\\{closure}()
#12 /home/pdbdx/learnning/vue-laravel/example-app/vendor/laravel/framework/src/Illuminate/Database/Console/Migrations/MigrateCommand.php(83): Illuminate\\Database\\Migrations\\Migrator->usingConnection()
#13 /home/pdbdx/learnning/vue-laravel/example-app/vendor/laravel/framework/src/Illuminate/Container/BoundMethod.php(36): Illuminate\\Database\\Console\\Migrations\\MigrateCommand->handle()
#14 /home/pdbdx/learnning/vue-laravel/example-app/vendor/laravel/framework/src/Illuminate/Container/Util.php(41): Illuminate\\Container\\BoundMethod::Illuminate\\Container\\{closure}()
#15 /home/pdbdx/learnning/vue-laravel/example-app/vendor/laravel/framework/src/Illuminate/Container/BoundMethod.php(93): Illuminate\\Container\\Util::unwrapIfClosure()
#16 /home/pdbdx/learnning/vue-laravel/example-app/vendor/laravel/framework/src/Illuminate/Container/BoundMethod.php(35): Illuminate\\Container\\BoundMethod::callBoundMethod()
#17 /home/pdbdx/learnning/vue-laravel/example-app/vendor/laravel/framework/src/Illuminate/Container/Container.php(662): Illuminate\\Container\\BoundMethod::call()
#18 /home/pdbdx/learnning/vue-laravel/example-app/vendor/laravel/framework/src/Illuminate/Console/Command.php(211): Illuminate\\Container\\Container->call()
#19 /home/pdbdx/learnning/vue-laravel/example-app/vendor/symfony/console/Command/Command.php(326): Illuminate\\Console\\Command->execute()
#20 /home/pdbdx/learnning/vue-laravel/example-app/vendor/laravel/framework/src/Illuminate/Console/Command.php(180): Symfony\\Component\\Console\\Command\\Command->run()
#21 /home/pdbdx/learnning/vue-laravel/example-app/vendor/symfony/console/Application.php(1081): Illuminate\\Console\\Command->run()
#22 /home/pdbdx/learnning/vue-laravel/example-app/vendor/symfony/console/Application.php(320): Symfony\\Component\\Console\\Application->doRunCommand()
#23 /home/pdbdx/learnning/vue-laravel/example-app/vendor/symfony/console/Application.php(174): Symfony\\Component\\Console\\Application->doRun()
#24 /home/pdbdx/learnning/vue-laravel/example-app/vendor/laravel/framework/src/Illuminate/Foundation/Console/Kernel.php(201): Symfony\\Component\\Console\\Application->run()
#25 /home/pdbdx/learnning/vue-laravel/example-app/artisan(35): Illuminate\\Foundation\\Console\\Kernel->handle()
#26 {main}

[previous exception] [object] (PDOException(code: 1049): SQLSTATE[HY000] [1049] Unknown database 'laravel' at /home/pdbdx/learnning/vue-laravel/example-app/vendor/laravel/framework/src/Illuminate/Database/Connectors/Connector.php:65)
[stacktrace]
#0 /home/pdbdx/learnning/vue-laravel/example-app/vendor/laravel/framework/src/Illuminate/Database/Connectors/Connector.php(65): PDO->__construct()
#1 /home/pdbdx/learnning/vue-laravel/example-app/vendor/laravel/framework/src/Illuminate/Database/Connectors/Connector.php(44): Illuminate\\Database\\Connectors\\Connector->createPdoConnection()
#2 /home/pdbdx/learnning/vue-laravel/example-app/vendor/laravel/framework/src/Illuminate/Database/Connectors/MySqlConnector.php(24): Illuminate\\Database\\Connectors\\Connector->createConnection()
#3 /home/pdbdx/learnning/vue-laravel/example-app/vendor/laravel/framework/src/Illuminate/Database/Connectors/ConnectionFactory.php(184): Illuminate\\Database\\Connectors\\MySqlConnector->connect()
#4 [internal function]: Illuminate\\Database\\Connectors\\ConnectionFactory->Illuminate\\Database\\Connectors\\{closure}()
#5 /home/pdbdx/learnning/vue-laravel/example-app/vendor/laravel/framework/src/Illuminate/Database/Connection.php(1292): call_user_func()
#6 /home/pdbdx/learnning/vue-laravel/example-app/vendor/laravel/framework/src/Illuminate/Database/Connection.php(521): Illuminate\\Database\\Connection->getPdo()
#7 /home/pdbdx/learnning/vue-laravel/example-app/vendor/laravel/framework/src/Illuminate/Database/Connection.php(416): Illuminate\\Database\\Connection->getPdoForSelect()
#8 /home/pdbdx/learnning/vue-laravel/example-app/vendor/laravel/framework/src/Illuminate/Database/Connection.php(788): Illuminate\\Database\\Connection->Illuminate\\Database\\{closure}()
#9 /home/pdbdx/learnning/vue-laravel/example-app/vendor/laravel/framework/src/Illuminate/Database/Connection.php(755): Illuminate\\Database\\Connection->runQueryCallback()
#10 /home/pdbdx/learnning/vue-laravel/example-app/vendor/laravel/framework/src/Illuminate/Database/Connection.php(407): Illuminate\\Database\\Connection->run()
#11 /home/pdbdx/learnning/vue-laravel/example-app/vendor/laravel/framework/src/Illuminate/Database/Connection.php(394): Illuminate\\Database\\Connection->select()
#12 /home/pdbdx/learnning/vue-laravel/example-app/vendor/laravel/framework/src/Illuminate/Database/Schema/MySqlBuilder.php(43): Illuminate\\Database\\Connection->selectFromWriteConnection()
#13 /home/pdbdx/learnning/vue-laravel/example-app/vendor/laravel/framework/src/Illuminate/Database/Migrations/DatabaseMigrationRepository.php(184): Illuminate\\Database\\Schema\\MySqlBuilder->hasTable()
#14 /home/pdbdx/learnning/vue-laravel/example-app/vendor/laravel/framework/src/Illuminate/Database/Migrations/Migrator.php(700): Illuminate\\Database\\Migrations\\DatabaseMigrationRepository->repositoryExists()
#15 /home/pdbdx/learnning/vue-laravel/example-app/vendor/laravel/framework/src/Illuminate/Database/Console/Migrations/MigrateCommand.php(140): Illuminate\\Database\\Migrations\\Migrator->repositoryExists()
#16 /home/pdbdx/learnning/vue-laravel/example-app/vendor/laravel/framework/src/Illuminate/Support/helpers.php(248): Illuminate\\Database\\Console\\Migrations\\MigrateCommand->Illuminate\\Database\\Console\\Migrations\\{closure}()
#17 /home/pdbdx/learnning/vue-laravel/example-app/vendor/laravel/framework/src/Illuminate/Database/Console/Migrations/MigrateCommand.php(140): retry()
#18 /home/pdbdx/learnning/vue-laravel/example-app/vendor/laravel/framework/src/Illuminate/Database/Console/Migrations/MigrateCommand.php(116): Illuminate\\Database\\Console\\Migrations\\MigrateCommand->repositoryExists()
#19 /home/pdbdx/learnning/vue-laravel/example-app/vendor/laravel/framework/src/Illuminate/Database/Console/Migrations/MigrateCommand.php(84): Illuminate\\Database\\Console\\Migrations\\MigrateCommand->prepareDatabase()
#20 /home/pdbdx/learnning/vue-laravel/example-app/vendor/laravel/framework/src/Illuminate/Database/Migrations/Migrator.php(633): Illuminate\\Database\\Console\\Migrations\\MigrateCommand->Illuminate\\Database\\Console\\Migrations\\{closure}()
#21 /home/pdbdx/learnning/vue-laravel/example-app/vendor/laravel/framework/src/Illuminate/Database/Console/Migrations/MigrateCommand.php(83): Illuminate\\Database\\Migrations\\Migrator->usingConnection()
#22 /home/pdbdx/learnning/vue-laravel/example-app/vendor/laravel/framework/src/Illuminate/Container/BoundMethod.php(36): Illuminate\\Database\\Console\\Migrations\\MigrateCommand->handle()
#23 /home/pdbdx/learnning/vue-laravel/example-app/vendor/laravel/framework/src/Illuminate/Container/Util.php(41): Illuminate\\Container\\BoundMethod::Illuminate\\Container\\{closure}()
#24 /home/pdbdx/learnning/vue-laravel/example-app/vendor/laravel/framework/src/Illuminate/Container/BoundMethod.php(93): Illuminate\\Container\\Util::unwrapIfClosure()
#25 /home/pdbdx/learnning/vue-laravel/example-app/vendor/laravel/framework/src/Illuminate/Container/BoundMethod.php(35): Illuminate\\Container\\BoundMethod::callBoundMethod()
#26 /home/pdbdx/learnning/vue-laravel/example-app/vendor/laravel/framework/src/Illuminate/Container/Container.php(662): Illuminate\\Container\\BoundMethod::call()
#27 /home/pdbdx/learnning/vue-laravel/example-app/vendor/laravel/framework/src/Illuminate/Console/Command.php(211): Illuminate\\Container\\Container->call()
#28 /home/pdbdx/learnning/vue-laravel/example-app/vendor/symfony/console/Command/Command.php(326): Illuminate\\Console\\Command->execute()
#29 /home/pdbdx/learnning/vue-laravel/example-app/vendor/laravel/framework/src/Illuminate/Console/Command.php(180): Symfony\\Component\\Console\\Command\\Command->run()
#30 /home/pdbdx/learnning/vue-laravel/example-app/vendor/symfony/console/Application.php(1081): Illuminate\\Console\\Command->run()
#31 /home/pdbdx/learnning/vue-laravel/example-app/vendor/symfony/console/Application.php(320): Symfony\\Component\\Console\\Application->doRunCommand()
#32 /home/pdbdx/learnning/vue-laravel/example-app/vendor/symfony/console/Application.php(174): Symfony\\Component\\Console\\Application->doRun()
#33 /home/pdbdx/learnning/vue-laravel/example-app/vendor/laravel/framework/src/Illuminate/Foundation/Console/Kernel.php(201): Symfony\\Component\\Console\\Application->run()
#34 /home/pdbdx/learnning/vue-laravel/example-app/artisan(35): Illuminate\\Foundation\\Console\\Kernel->handle()
#35 {main}
"} 
